<?xml version="1.0" encoding="UTF-8"?>
<testsuite name="study.java.DocumentManagementSystemTest" tests="1" skipped="0" failures="0" errors="0" timestamp="2020-08-27T20:49:49" hostname="ycshin.local" time="0.003">
  <properties/>
  <testcase name="shouldNotImportUnknownFile" classname="study.java.DocumentManagementSystemTest" time="0.003"/>
  <system-out><![CDATA[]]></system-out>
  <system-err><![CDATA[]]></system-err>
</testsuite>
